  DataCollector.cpp
C:\Users\SebBl\Documents\Visual Studio 2019\Projects\P3\P3Project\deps\include\myo\cxx\detail\ThrowOnError.hpp(40,1): warning C4297: 'myo::ThrowOnError::~ThrowOnError': function assumed not to throw an exception but does
C:\Users\SebBl\Documents\Visual Studio 2019\Projects\P3\P3Project\deps\include\myo\cxx\detail\ThrowOnError.hpp(40,1): message : destructor or deallocator has a (possibly implicit) non-throwing exception specification
C:\Users\SebBl\Documents\Visual Studio 2019\Projects\P3\P3Project\deps\include\myo\cxx\detail\ThrowOnError.hpp(46,1): warning C4297: 'myo::ThrowOnError::~ThrowOnError': function assumed not to throw an exception but does
C:\Users\SebBl\Documents\Visual Studio 2019\Projects\P3\P3Project\deps\include\myo\cxx\detail\ThrowOnError.hpp(46,1): message : destructor or deallocator has a (possibly implicit) non-throwing exception specification
  dynamixelControl.cpp
C:\Users\SebBl\Documents\Visual Studio 2019\Projects\P3\P3Project\deps\include\dynamixel_sdk\group_bulk_read.h(43,43): warning C4251: 'dynamixel::GroupBulkRead::id_list_': class 'std::vector<uint8_t,std::allocator<uint8_t>>' needs to have dll-interface to be used by clients of class 'dynamixel::GroupBulkRead'
C:\Users\SebBl\Documents\Visual Studio 2019\Projects\P3\P3Project\deps\include\dynamixel_sdk\packet_handler.h(205): message : see declaration of 'std::vector<uint8_t,std::allocator<uint8_t>>'
C:\Users\SebBl\Documents\Visual Studio 2019\Projects\P3\P3Project\deps\include\dynamixel_sdk\group_bulk_read.h(44,48): warning C4251: 'dynamixel::GroupBulkRead::address_list_': class 'std::map<uint8_t,uint16_t,std::less<uint8_t>,std::allocator<std::pair<const uint8_t,uint16_t>>>' needs to have dll-interface to be used by clients of class 'dynamixel::GroupBulkRead'
C:\Users\SebBl\Documents\Visual Studio 2019\Projects\P3\P3Project\deps\include\dynamixel_sdk\group_bulk_read.h(44): message : see declaration of 'std::map<uint8_t,uint16_t,std::less<uint8_t>,std::allocator<std::pair<const uint8_t,uint16_t>>>'
C:\Users\SebBl\Documents\Visual Studio 2019\Projects\P3\P3Project\deps\include\dynamixel_sdk\group_bulk_read.h(45,47): warning C4251: 'dynamixel::GroupBulkRead::length_list_': class 'std::map<uint8_t,uint16_t,std::less<uint8_t>,std::allocator<std::pair<const uint8_t,uint16_t>>>' needs to have dll-interface to be used by clients of class 'dynamixel::GroupBulkRead'
C:\Users\SebBl\Documents\Visual Studio 2019\Projects\P3\P3Project\deps\include\dynamixel_sdk\group_bulk_read.h(44): message : see declaration of 'std::map<uint8_t,uint16_t,std::less<uint8_t>,std::allocator<std::pair<const uint8_t,uint16_t>>>'
C:\Users\SebBl\Documents\Visual Studio 2019\Projects\P3\P3Project\deps\include\dynamixel_sdk\group_bulk_read.h(46,45): warning C4251: 'dynamixel::GroupBulkRead::data_list_': class 'std::map<uint8_t,uint8_t *,std::less<uint8_t>,std::allocator<std::pair<const uint8_t,uint8_t *>>>' needs to have dll-interface to be used by clients of class 'dynamixel::GroupBulkRead'
C:\Users\SebBl\Documents\Visual Studio 2019\Projects\P3\P3Project\deps\include\dynamixel_sdk\group_bulk_read.h(46): message : see declaration of 'std::map<uint8_t,uint8_t *,std::less<uint8_t>,std::allocator<std::pair<const uint8_t,uint8_t *>>>'
C:\Users\SebBl\Documents\Visual Studio 2019\Projects\P3\P3Project\deps\include\dynamixel_sdk\group_bulk_read.h(47,46): warning C4251: 'dynamixel::GroupBulkRead::error_list_': class 'std::map<uint8_t,uint8_t *,std::less<uint8_t>,std::allocator<std::pair<const uint8_t,uint8_t *>>>' needs to have dll-interface to be used by clients of class 'dynamixel::GroupBulkRead'
C:\Users\SebBl\Documents\Visual Studio 2019\Projects\P3\P3Project\deps\include\dynamixel_sdk\group_bulk_read.h(46): message : see declaration of 'std::map<uint8_t,uint8_t *,std::less<uint8_t>,std::allocator<std::pair<const uint8_t,uint8_t *>>>'
C:\Users\SebBl\Documents\Visual Studio 2019\Projects\P3\P3Project\deps\include\dynamixel_sdk\group_bulk_write.h(43,43): warning C4251: 'dynamixel::GroupBulkWrite::id_list_': class 'std::vector<uint8_t,std::allocator<uint8_t>>' needs to have dll-interface to be used by clients of class 'dynamixel::GroupBulkWrite'
C:\Users\SebBl\Documents\Visual Studio 2019\Projects\P3\P3Project\deps\include\dynamixel_sdk\packet_handler.h(205): message : see declaration of 'std::vector<uint8_t,std::allocator<uint8_t>>'
C:\Users\SebBl\Documents\Visual Studio 2019\Projects\P3\P3Project\deps\include\dynamixel_sdk\group_bulk_write.h(44,48): warning C4251: 'dynamixel::GroupBulkWrite::address_list_': class 'std::map<uint8_t,uint16_t,std::less<uint8_t>,std::allocator<std::pair<const uint8_t,uint16_t>>>' needs to have dll-interface to be used by clients of class 'dynamixel::GroupBulkWrite'
C:\Users\SebBl\Documents\Visual Studio 2019\Projects\P3\P3Project\deps\include\dynamixel_sdk\group_bulk_read.h(44): message : see declaration of 'std::map<uint8_t,uint16_t,std::less<uint8_t>,std::allocator<std::pair<const uint8_t,uint16_t>>>'
C:\Users\SebBl\Documents\Visual Studio 2019\Projects\P3\P3Project\deps\include\dynamixel_sdk\group_bulk_write.h(45,47): warning C4251: 'dynamixel::GroupBulkWrite::length_list_': class 'std::map<uint8_t,uint16_t,std::less<uint8_t>,std::allocator<std::pair<const uint8_t,uint16_t>>>' needs to have dll-interface to be used by clients of class 'dynamixel::GroupBulkWrite'
C:\Users\SebBl\Documents\Visual Studio 2019\Projects\P3\P3Project\deps\include\dynamixel_sdk\group_bulk_read.h(44): message : see declaration of 'std::map<uint8_t,uint16_t,std::less<uint8_t>,std::allocator<std::pair<const uint8_t,uint16_t>>>'
C:\Users\SebBl\Documents\Visual Studio 2019\Projects\P3\P3Project\deps\include\dynamixel_sdk\group_bulk_write.h(46,45): warning C4251: 'dynamixel::GroupBulkWrite::data_list_': class 'std::map<uint8_t,uint8_t *,std::less<uint8_t>,std::allocator<std::pair<const uint8_t,uint8_t *>>>' needs to have dll-interface to be used by clients of class 'dynamixel::GroupBulkWrite'
C:\Users\SebBl\Documents\Visual Studio 2019\Projects\P3\P3Project\deps\include\dynamixel_sdk\group_bulk_read.h(46): message : see declaration of 'std::map<uint8_t,uint8_t *,std::less<uint8_t>,std::allocator<std::pair<const uint8_t,uint8_t *>>>'
C:\Users\SebBl\Documents\Visual Studio 2019\Projects\P3\P3Project\deps\include\dynamixel_sdk\group_sync_read.h(43,43): warning C4251: 'dynamixel::GroupSyncRead::id_list_': class 'std::vector<uint8_t,std::allocator<uint8_t>>' needs to have dll-interface to be used by clients of class 'dynamixel::GroupSyncRead'
C:\Users\SebBl\Documents\Visual Studio 2019\Projects\P3\P3Project\deps\include\dynamixel_sdk\packet_handler.h(205): message : see declaration of 'std::vector<uint8_t,std::allocator<uint8_t>>'
C:\Users\SebBl\Documents\Visual Studio 2019\Projects\P3\P3Project\deps\include\dynamixel_sdk\group_sync_read.h(44,45): warning C4251: 'dynamixel::GroupSyncRead::data_list_': class 'std::map<uint8_t,uint8_t *,std::less<uint8_t>,std::allocator<std::pair<const uint8_t,uint8_t *>>>' needs to have dll-interface to be used by clients of class 'dynamixel::GroupSyncRead'
C:\Users\SebBl\Documents\Visual Studio 2019\Projects\P3\P3Project\deps\include\dynamixel_sdk\group_bulk_read.h(46): message : see declaration of 'std::map<uint8_t,uint8_t *,std::less<uint8_t>,std::allocator<std::pair<const uint8_t,uint8_t *>>>'
C:\Users\SebBl\Documents\Visual Studio 2019\Projects\P3\P3Project\deps\include\dynamixel_sdk\group_sync_read.h(45,46): warning C4251: 'dynamixel::GroupSyncRead::error_list_': class 'std::map<uint8_t,uint8_t *,std::less<uint8_t>,std::allocator<std::pair<const uint8_t,uint8_t *>>>' needs to have dll-interface to be used by clients of class 'dynamixel::GroupSyncRead'
C:\Users\SebBl\Documents\Visual Studio 2019\Projects\P3\P3Project\deps\include\dynamixel_sdk\group_bulk_read.h(46): message : see declaration of 'std::map<uint8_t,uint8_t *,std::less<uint8_t>,std::allocator<std::pair<const uint8_t,uint8_t *>>>'
C:\Users\SebBl\Documents\Visual Studio 2019\Projects\P3\P3Project\deps\include\dynamixel_sdk\group_sync_write.h(43,43): warning C4251: 'dynamixel::GroupSyncWrite::id_list_': class 'std::vector<uint8_t,std::allocator<uint8_t>>' needs to have dll-interface to be used by clients of class 'dynamixel::GroupSyncWrite'
C:\Users\SebBl\Documents\Visual Studio 2019\Projects\P3\P3Project\deps\include\dynamixel_sdk\packet_handler.h(205): message : see declaration of 'std::vector<uint8_t,std::allocator<uint8_t>>'
C:\Users\SebBl\Documents\Visual Studio 2019\Projects\P3\P3Project\deps\include\dynamixel_sdk\group_sync_write.h(44,45): warning C4251: 'dynamixel::GroupSyncWrite::data_list_': class 'std::map<uint8_t,uint8_t *,std::less<uint8_t>,std::allocator<std::pair<const uint8_t,uint8_t *>>>' needs to have dll-interface to be used by clients of class 'dynamixel::GroupSyncWrite'
C:\Users\SebBl\Documents\Visual Studio 2019\Projects\P3\P3Project\deps\include\dynamixel_sdk\group_bulk_read.h(46): message : see declaration of 'std::map<uint8_t,uint8_t *,std::less<uint8_t>,std::allocator<std::pair<const uint8_t,uint8_t *>>>'
C:\Users\SebBl\Documents\Visual Studio 2019\Projects\P3\P3Project\P3Project\dynamixelControl.cpp(68,69): warning C4267: 'argument': conversion from 'size_t' to 'uint8_t', possible loss of data
C:\Users\SebBl\Documents\Visual Studio 2019\Projects\P3\P3Project\P3Project\dynamixelControl.cpp(79,11): warning C4477: 'printf' : format string '%03d' requires an argument of type 'int', but variadic argument 1 has type 'size_t'
C:\Users\SebBl\Documents\Visual Studio 2019\Projects\P3\P3Project\P3Project\dynamixelControl.cpp(79,11): message : consider using '%zd' in the format string
C:\Users\SebBl\Documents\Visual Studio 2019\Projects\P3\P3Project\P3Project\dynamixelControl.cpp(286,51): warning C4244: '=': conversion from 'double' to 'float', possible loss of data
  graphWindow.cpp
C:\Users\SebBl\Documents\Visual Studio 2019\Projects\P3\P3Project\P3Project\graphWindow.cpp(24,22): warning C4305: '=': truncation from 'double' to 'float'
C:\Users\SebBl\Documents\Visual Studio 2019\Projects\P3\P3Project\P3Project\graphWindow.cpp(106,16): warning C4244: 'initializing': conversion from 'int' to 'float', possible loss of data
C:\Users\SebBl\Documents\Visual Studio 2019\Projects\P3\P3Project\P3Project\graphWindow.cpp(107,16): warning C4244: 'initializing': conversion from 'int' to 'float', possible loss of data
C:\Users\SebBl\Documents\Visual Studio 2019\Projects\P3\P3Project\P3Project\graphWindow.cpp(152,16): warning C4244: 'initializing': conversion from 'int' to 'float', possible loss of data
C:\Users\SebBl\Documents\Visual Studio 2019\Projects\P3\P3Project\P3Project\graphWindow.cpp(153,16): warning C4244: 'initializing': conversion from 'int' to 'float', possible loss of data
  main.cpp
C:\Users\SebBl\Documents\Visual Studio 2019\Projects\P3\P3Project\deps\include\dynamixel_sdk\group_bulk_read.h(43,43): warning C4251: 'dynamixel::GroupBulkRead::id_list_': class 'std::vector<uint8_t,std::allocator<uint8_t>>' needs to have dll-interface to be used by clients of class 'dynamixel::GroupBulkRead'
C:\Users\SebBl\Documents\Visual Studio 2019\Projects\P3\P3Project\deps\include\dynamixel_sdk\packet_handler.h(205): message : see declaration of 'std::vector<uint8_t,std::allocator<uint8_t>>'
C:\Users\SebBl\Documents\Visual Studio 2019\Projects\P3\P3Project\deps\include\dynamixel_sdk\group_bulk_read.h(44,48): warning C4251: 'dynamixel::GroupBulkRead::address_list_': class 'std::map<uint8_t,uint16_t,std::less<uint8_t>,std::allocator<std::pair<const uint8_t,uint16_t>>>' needs to have dll-interface to be used by clients of class 'dynamixel::GroupBulkRead'
C:\Users\SebBl\Documents\Visual Studio 2019\Projects\P3\P3Project\deps\include\dynamixel_sdk\group_bulk_read.h(44): message : see declaration of 'std::map<uint8_t,uint16_t,std::less<uint8_t>,std::allocator<std::pair<const uint8_t,uint16_t>>>'
C:\Users\SebBl\Documents\Visual Studio 2019\Projects\P3\P3Project\deps\include\dynamixel_sdk\group_bulk_read.h(45,47): warning C4251: 'dynamixel::GroupBulkRead::length_list_': class 'std::map<uint8_t,uint16_t,std::less<uint8_t>,std::allocator<std::pair<const uint8_t,uint16_t>>>' needs to have dll-interface to be used by clients of class 'dynamixel::GroupBulkRead'
C:\Users\SebBl\Documents\Visual Studio 2019\Projects\P3\P3Project\deps\include\dynamixel_sdk\group_bulk_read.h(44): message : see declaration of 'std::map<uint8_t,uint16_t,std::less<uint8_t>,std::allocator<std::pair<const uint8_t,uint16_t>>>'
C:\Users\SebBl\Documents\Visual Studio 2019\Projects\P3\P3Project\deps\include\dynamixel_sdk\group_bulk_read.h(46,45): warning C4251: 'dynamixel::GroupBulkRead::data_list_': class 'std::map<uint8_t,uint8_t *,std::less<uint8_t>,std::allocator<std::pair<const uint8_t,uint8_t *>>>' needs to have dll-interface to be used by clients of class 'dynamixel::GroupBulkRead'
C:\Users\SebBl\Documents\Visual Studio 2019\Projects\P3\P3Project\deps\include\dynamixel_sdk\group_bulk_read.h(46): message : see declaration of 'std::map<uint8_t,uint8_t *,std::less<uint8_t>,std::allocator<std::pair<const uint8_t,uint8_t *>>>'
C:\Users\SebBl\Documents\Visual Studio 2019\Projects\P3\P3Project\deps\include\dynamixel_sdk\group_bulk_read.h(47,46): warning C4251: 'dynamixel::GroupBulkRead::error_list_': class 'std::map<uint8_t,uint8_t *,std::less<uint8_t>,std::allocator<std::pair<const uint8_t,uint8_t *>>>' needs to have dll-interface to be used by clients of class 'dynamixel::GroupBulkRead'
C:\Users\SebBl\Documents\Visual Studio 2019\Projects\P3\P3Project\deps\include\dynamixel_sdk\group_bulk_read.h(46): message : see declaration of 'std::map<uint8_t,uint8_t *,std::less<uint8_t>,std::allocator<std::pair<const uint8_t,uint8_t *>>>'
C:\Users\SebBl\Documents\Visual Studio 2019\Projects\P3\P3Project\deps\include\dynamixel_sdk\group_bulk_write.h(43,43): warning C4251: 'dynamixel::GroupBulkWrite::id_list_': class 'std::vector<uint8_t,std::allocator<uint8_t>>' needs to have dll-interface to be used by clients of class 'dynamixel::GroupBulkWrite'
C:\Users\SebBl\Documents\Visual Studio 2019\Projects\P3\P3Project\deps\include\dynamixel_sdk\packet_handler.h(205): message : see declaration of 'std::vector<uint8_t,std::allocator<uint8_t>>'
C:\Users\SebBl\Documents\Visual Studio 2019\Projects\P3\P3Project\deps\include\dynamixel_sdk\group_bulk_write.h(44,48): warning C4251: 'dynamixel::GroupBulkWrite::address_list_': class 'std::map<uint8_t,uint16_t,std::less<uint8_t>,std::allocator<std::pair<const uint8_t,uint16_t>>>' needs to have dll-interface to be used by clients of class 'dynamixel::GroupBulkWrite'
C:\Users\SebBl\Documents\Visual Studio 2019\Projects\P3\P3Project\deps\include\dynamixel_sdk\group_bulk_read.h(44): message : see declaration of 'std::map<uint8_t,uint16_t,std::less<uint8_t>,std::allocator<std::pair<const uint8_t,uint16_t>>>'
C:\Users\SebBl\Documents\Visual Studio 2019\Projects\P3\P3Project\deps\include\dynamixel_sdk\group_bulk_write.h(45,47): warning C4251: 'dynamixel::GroupBulkWrite::length_list_': class 'std::map<uint8_t,uint16_t,std::less<uint8_t>,std::allocator<std::pair<const uint8_t,uint16_t>>>' needs to have dll-interface to be used by clients of class 'dynamixel::GroupBulkWrite'
C:\Users\SebBl\Documents\Visual Studio 2019\Projects\P3\P3Project\deps\include\dynamixel_sdk\group_bulk_read.h(44): message : see declaration of 'std::map<uint8_t,uint16_t,std::less<uint8_t>,std::allocator<std::pair<const uint8_t,uint16_t>>>'
C:\Users\SebBl\Documents\Visual Studio 2019\Projects\P3\P3Project\deps\include\dynamixel_sdk\group_bulk_write.h(46,45): warning C4251: 'dynamixel::GroupBulkWrite::data_list_': class 'std::map<uint8_t,uint8_t *,std::less<uint8_t>,std::allocator<std::pair<const uint8_t,uint8_t *>>>' needs to have dll-interface to be used by clients of class 'dynamixel::GroupBulkWrite'
C:\Users\SebBl\Documents\Visual Studio 2019\Projects\P3\P3Project\deps\include\dynamixel_sdk\group_bulk_read.h(46): message : see declaration of 'std::map<uint8_t,uint8_t *,std::less<uint8_t>,std::allocator<std::pair<const uint8_t,uint8_t *>>>'
C:\Users\SebBl\Documents\Visual Studio 2019\Projects\P3\P3Project\deps\include\dynamixel_sdk\group_sync_read.h(43,43): warning C4251: 'dynamixel::GroupSyncRead::id_list_': class 'std::vector<uint8_t,std::allocator<uint8_t>>' needs to have dll-interface to be used by clients of class 'dynamixel::GroupSyncRead'
C:\Users\SebBl\Documents\Visual Studio 2019\Projects\P3\P3Project\deps\include\dynamixel_sdk\packet_handler.h(205): message : see declaration of 'std::vector<uint8_t,std::allocator<uint8_t>>'
C:\Users\SebBl\Documents\Visual Studio 2019\Projects\P3\P3Project\deps\include\dynamixel_sdk\group_sync_read.h(44,45): warning C4251: 'dynamixel::GroupSyncRead::data_list_': class 'std::map<uint8_t,uint8_t *,std::less<uint8_t>,std::allocator<std::pair<const uint8_t,uint8_t *>>>' needs to have dll-interface to be used by clients of class 'dynamixel::GroupSyncRead'
C:\Users\SebBl\Documents\Visual Studio 2019\Projects\P3\P3Project\deps\include\dynamixel_sdk\group_bulk_read.h(46): message : see declaration of 'std::map<uint8_t,uint8_t *,std::less<uint8_t>,std::allocator<std::pair<const uint8_t,uint8_t *>>>'
C:\Users\SebBl\Documents\Visual Studio 2019\Projects\P3\P3Project\deps\include\dynamixel_sdk\group_sync_read.h(45,46): warning C4251: 'dynamixel::GroupSyncRead::error_list_': class 'std::map<uint8_t,uint8_t *,std::less<uint8_t>,std::allocator<std::pair<const uint8_t,uint8_t *>>>' needs to have dll-interface to be used by clients of class 'dynamixel::GroupSyncRead'
C:\Users\SebBl\Documents\Visual Studio 2019\Projects\P3\P3Project\deps\include\dynamixel_sdk\group_bulk_read.h(46): message : see declaration of 'std::map<uint8_t,uint8_t *,std::less<uint8_t>,std::allocator<std::pair<const uint8_t,uint8_t *>>>'
C:\Users\SebBl\Documents\Visual Studio 2019\Projects\P3\P3Project\deps\include\dynamixel_sdk\group_sync_write.h(43,43): warning C4251: 'dynamixel::GroupSyncWrite::id_list_': class 'std::vector<uint8_t,std::allocator<uint8_t>>' needs to have dll-interface to be used by clients of class 'dynamixel::GroupSyncWrite'
C:\Users\SebBl\Documents\Visual Studio 2019\Projects\P3\P3Project\deps\include\dynamixel_sdk\packet_handler.h(205): message : see declaration of 'std::vector<uint8_t,std::allocator<uint8_t>>'
C:\Users\SebBl\Documents\Visual Studio 2019\Projects\P3\P3Project\deps\include\dynamixel_sdk\group_sync_write.h(44,45): warning C4251: 'dynamixel::GroupSyncWrite::data_list_': class 'std::map<uint8_t,uint8_t *,std::less<uint8_t>,std::allocator<std::pair<const uint8_t,uint8_t *>>>' needs to have dll-interface to be used by clients of class 'dynamixel::GroupSyncWrite'
C:\Users\SebBl\Documents\Visual Studio 2019\Projects\P3\P3Project\deps\include\dynamixel_sdk\group_bulk_read.h(46): message : see declaration of 'std::map<uint8_t,uint8_t *,std::less<uint8_t>,std::allocator<std::pair<const uint8_t,uint8_t *>>>'
C:\Users\SebBl\Documents\Visual Studio 2019\Projects\P3\P3Project\deps\include\myo\cxx\detail\ThrowOnError.hpp(40,1): warning C4297: 'myo::ThrowOnError::~ThrowOnError': function assumed not to throw an exception but does
C:\Users\SebBl\Documents\Visual Studio 2019\Projects\P3\P3Project\deps\include\myo\cxx\detail\ThrowOnError.hpp(40,1): message : destructor or deallocator has a (possibly implicit) non-throwing exception specification
C:\Users\SebBl\Documents\Visual Studio 2019\Projects\P3\P3Project\deps\include\myo\cxx\detail\ThrowOnError.hpp(46,1): warning C4297: 'myo::ThrowOnError::~ThrowOnError': function assumed not to throw an exception but does
C:\Users\SebBl\Documents\Visual Studio 2019\Projects\P3\P3Project\deps\include\myo\cxx\detail\ThrowOnError.hpp(46,1): message : destructor or deallocator has a (possibly implicit) non-throwing exception specification
C:\Users\SebBl\Documents\Visual Studio 2019\Projects\P3\P3Project\P3Project\main.cpp(86,13): warning C4244: 'initializing': conversion from 'double' to 'int', possible loss of data
C:\Users\SebBl\Documents\Visual Studio 2019\Projects\P3\P3Project\P3Project\main.cpp(87,13): warning C4244: 'initializing': conversion from 'double' to 'int', possible loss of data
  Generating Code...
  P3Project.vcxproj -> C:\Users\SebBl\Documents\Visual Studio 2019\Projects\P3\P3Project\x64\Debug\P3Project.exe
